#:lav
d {
  "blastz.v7 AE008922.fasta FM162591.fasta C=3 T=2 Z=10
     A    C    G    T
    91 -114  -31 -123
  -114  100 -125  -31
   -31 -125  100 -114
  -123  -31 -114   91
  O = 400, E = 30, K = 3000, L = 3000, M = 0"
}
#:lav
s {
  "AE008922.fasta" 1 5076188 0 1
  "FM162591.fasta" 1 5064808 0 1
}
h {
   ">gi|21166373|gb|AE008922.1| Xanthomonas campestris pv. campestris str. ATCC 33913, complete genome"
   ">gi|253778933|emb|FM162591.1| Photorhabdus asymbiotica ATCC43949 complete genome"
}
a {
  s 3629
  b 2031 1845
  e 2124 1938
  l 2031 1845 2124 1938 70
}
a {
  s 19336
  b 4892 3699
  e 5346 4153
  l 4892 3699 5346 4153 68
}
a {
  s 5384
  b 2537354 56391
  e 2537429 56466
  l 2537354 56391 2537429 56466 89
}
a {
  s 13412
  b 433411 145665
  e 433742 145996
  l 433411 145665 433742 145996 68
}
a {
  s 15150
  b 2542513 164223
  e 2542904 164614
  l 2542513 164223 2542904 164614 66
}
a {
  s 3013
  b 1487353 194010
  e 1487432 194089
  l 1487353 194010 1487432 194089 70
}
a {
  s 10397
  b 3860520 227990
  e 3860854 228324
  l 3860520 227990 3860854 228324 62
}
a {
  s 4155
  b 2632798 250358
  e 2632898 250458
  l 2632798 250358 2632898 250458 72
}
a {
  s 3178
  b 1095992 257386
  e 1096113 257507
  l 1095992 257386 1096113 257507 64
}
a {
  s 14541
  b 1050839 367484
  e 1051150 367795
  l 1050839 367484 1051150 367795 70
}
a {
  s 15373
  b 1052971 369652
  e 1053245 369926
  l 1052971 369652 1053245 369926 75
}
a {
  s 27633
  b 1053930 370618
  e 1054478 371166
  l 1053930 370618 1054478 371166 73
}
a {
  s 27456
  b 1036578 370605
  e 1037139 371166
  l 1036578 370605 1037139 371166 72
}
a {
  s 33313
  b 1054504 371186
  e 1055124 371806
  l 1054504 371186 1055124 371806 74
}
a {
  s 33304
  b 1037165 371186
  e 1037785 371806
  l 1037165 371186 1037785 371806 74
}
a {
  s 14269
  b 1039195 373164
  e 1039632 373601
  l 1039195 373164 1039632 373601 63
}
a {
  s 11031
  b 1043036 376808
  e 1043341 377113
  l 1043036 376808 1043341 377113 65
}
a {
  s 29779
  b 1043436 377142
  e 1044028 377734
  l 1043436 377142 1044028 377734 72
}
a {
  s 29844
  b 1044402 378105
  e 1045090 378793
  l 1044402 378105 1045090 378793 69
}
a {
  s 27114
  b 1045698 379362
  e 1046230 379894
  l 1045698 379362 1046230 379894 73
}
a {
  s 27829
  b 1046324 380021
  e 1046888 380585
  l 1046324 380021 1046888 380585 71
}
a {
  s 58836
  b 1046956 380653
  e 1047992 381689
  l 1046956 380653 1047992 381689 76
}
a {
  s 15787
  b 1048011 381705
  e 1048450 382144
  l 1048011 381705 1048450 382144 66
}
a {
  s 20202
  b 1048502 382196
  e 1048880 382574
  l 1048502 382196 1048880 382574 74
}
a {
  s 16077
  b 1048918 382609
  e 1049513 383204
  l 1048918 382609 1049513 383204 60
}
a {
  s 10533
  b 1049554 383245
  e 1049871 383562
  l 1049554 383245 1049871 383562 62
}
a {
  s 55984
  b 3941410 428628
  e 3942778 429996
  l 3941410 428628 3942778 429996 68
}
a {
  s 6686
  b 3355940 436345
  e 3356230 436635
  l 3355940 436345 3356230 436635 61
}
a {
  s 9019
  b 599816 440889
  e 599992 441065
  l 599816 440889 599992 441065 73
}
a {
  s 5384
  b 2537354 444688
  e 2537429 444763
  l 2537354 444688 2537429 444763 89
}
a {
  s 3839
  b 1634901 552023
  e 1634982 552104
  l 1634901 552023 1634982 552104 74
}
a {
  s 4060
  b 1774603 552019
  e 1774697 552113
  l 1774603 552019 1774697 552113 71
}
a {
  s 3236
  b 2538164 552016
  e 2538251 552103
  l 2538164 552016 2538251 552103 67
}
a {
  s 4257
  b 1634901 552158
  e 1634982 552239
  l 1634901 552158 1634982 552239 78
}
a {
  s 4125
  b 1774600 552151
  e 1774697 552248
  l 1774600 552151 1774697 552248 71
}
a {
  s 3180
  b 2538168 552155
  e 2538251 552238
  l 2538168 552155 2538251 552238 66
}
a {
  s 18456
  b 3380936 554724
  e 3381493 555281
  l 3380936 554724 3381493 555281 64
}
a {
  s 26439
  b 830139 588110
  e 830948 588919
  l 830139 588110 830948 588919 63
}
a {
  s 3119
  b 2682989 588174
  e 2683136 588321
  l 2682989 588174 2683136 588321 59
}
a {
  s 30118
  b 830978 588949
  e 831741 589712
  l 830978 588949 831741 589712 66
}
a {
  s 11274
  b 2145275 633722
  e 2145675 634122
  l 2145275 633722 2145675 634122 61
}
a {
  s 5885
  b 2988095 678724
  e 2988184 678813
  l 2988095 678724 2988184 678813 83
}
a {
  s 5945
  b 2988103 678839
  e 2988184 678920
  l 2988103 678839 2988184 678920 88
}
a {
  s 6076
  b 2988108 679000
  e 2988195 679087
  l 2988108 679000 2988195 679087 87
}
a {
  s 7653
  b 765081 754271
  e 765257 754447
  l 765081 754271 765257 754447 70
}
a {
  s 5975
  b 2536272 761656
  e 2536351 761735
  l 2536272 761656 2536351 761735 89
}
a {
  s 3584
  b 2716154 761656
  e 2716233 761735
  l 2716154 761656 2716233 761735 73
}
a {
  s 5968
  b 2537224 761656
  e 2537300 761732
  l 2537224 761656 2537300 761732 91
}
a {
  s 5853
  b 1135574 765204
  e 1135652 765282
  l 1135574 765204 1135652 765282 90
}
a {
  s 5910
  b 1135401 765204
  e 1135483 765286
  l 1135401 765204 1135483 765286 88
}
a {
  s 11796
  b 710017 769714
  e 710360 770057
  l 710017 769714 710360 770057 64
}
a {
  s 4536
  b 1975622 942960
  e 1975816 943154
  l 1975622 942960 1975816 943154 59
}
a {
  s 9627
  b 1978207 943871
  e 1978538 944202
  l 1978207 943871 1978538 944202 62
}
a {
  s 7079
  b 1135574 965992
  e 1135696 966114
  l 1135574 965992 1135696 966114 81
}
a {
  s 6142
  b 1135399 965990
  e 1135479 966070
  l 1135399 965990 1135479 966070 91
}
a {
  s 5476
  b 1128052 1150116
  e 1128141 1150205
  l 1128052 1150116 1128141 1150205 82
}
a {
  s 12583
  b 3959689 1242717
  e 3959965 1242993
  l 3959689 1242717 3959965 1242993 69
}
a {
  s 24411
  b 875816 1272049
  e 876486 1272719
  l 875816 1272049 876486 1272719 65
}
a {
  s 18407
  b 879811 1275372
  e 880400 1275961
  l 879811 1275372 880400 1275961 62
}
a {
  s 11599
  b 2170025 1296589
  e 2170348 1296912
  l 2170025 1296589 2170348 1296912 64
}
a {
  s 3511
  b 2149821 1388214
  e 2149951 1388344
  l 2149821 1388214 2149951 1388344 65
}
a {
  s 22022
  b 1178948 1407976
  e 1179542 1408570
  l 1178948 1407976 1179542 1408570 66
}
a {
  s 48321
  b 1179964 1408993
  e 1181089 1410118
  l 1179964 1408993 1181089 1410118 69
}
a {
  s 20483
  b 1487340 1481954
  e 1487817 1482431
  l 1487340 1481954 1487817 1482431 69
}
a {
  s 3263
  b 247065 1509266
  e 247135 1509336
  l 247065 1509266 247135 1509336 73
}
a {
  s 6192
  b 1203419 1567462
  e 1203567 1567610
  l 1203419 1567462 1203567 1567610 72
}
a {
  s 3567
  b 1095590 1585631
  e 1095756 1585797
  l 1095590 1585631 1095756 1585797 59
}
a {
  s 10987
  b 1095947 1585988
  e 1096260 1586301
  l 1095947 1585988 1096260 1586301 63
}
a {
  s 24829
  b 1837968 1788040
  e 1838544 1788616
  l 1837968 1788040 1838544 1788616 69
}
a {
  s 16983
  b 1838724 1788799
  e 1839154 1789229
  l 1838724 1788799 1839154 1789229 67
}
a {
  s 5555
  b 1839971 1790046
  e 1840135 1790210
  l 1839971 1790046 1840135 1790210 66
}
a {
  s 3299
  b 2917969 1884082
  e 2918052 1884165
  l 2917969 1884082 2918052 1884165 69
}
a {
  s 12250
  b 1168458 1929351
  e 1168679 1929572
  l 1168458 1929351 1168679 1929572 74
}
a {
  s 4427
  b 3179070 1995726
  e 3179279 1995935
  l 3179070 1995726 3179279 1995935 62
}
a {
  s 20151
  b 1794415 2381117
  e 1795002 2381704
  l 1794415 2381117 1795002 2381704 64
}
a {
  s 5659
  b 2873536 2413202
  e 2873934 2413600
  l 2873536 2413202 2873934 2413600 55
}
a {
  s 11863
  b 2163729 2778721
  e 2164282 2779274
  l 2163729 2778721 2164282 2779274 57
}
a {
  s 4172
  b 2164311 2779297
  e 2164408 2779394
  l 2164311 2779297 2164408 2779394 71
}
a {
  s 22747
  b 3568413 2823032
  e 3568921 2823540
  l 3568413 2823032 3568921 2823540 69
}
a {
  s 5232
  b 3574110 2825456
  e 3574306 2825652
  l 3574110 2825456 3574306 2825652 63
}
a {
  s 3889
  b 1150240 2863645
  e 1150302 2863707
  l 1150240 2863645 1150302 2863707 84
}
a {
  s 12778
  b 4394727 2917166
  e 4395022 2917461
  l 4394727 2917166 4395022 2917461 68
}
a {
  s 5666
  b 2234958 3048800
  e 2235274 3049116
  l 2234958 3048800 2235274 3049116 57
}
a {
  s 15629
  b 2190031 3087603
  e 2190473 3088045
  l 2190031 3087603 2190473 3088045 65
}
a {
  s 12527
  b 2416321 3087641
  e 2416699 3088019
  l 2416321 3087641 2416699 3088019 64
}
a {
  s 19962
  b 2192714 3087601
  e 2193383 3088270
  l 2192714 3087601 2193383 3088270 62
}
a {
  s 10164
  b 2181548 3091157
  e 2181871 3091480
  l 2181548 3091157 2181871 3091480 61
}
a {
  s 7589
  b 2586175 3267155
  e 2586445 3267425
  l 2586175 3267155 2586445 3267425 64
}
a {
  s 3186
  b 2955014 3394057
  e 2955097 3394140
  l 2955014 3394057 2955097 3394140 70
}
a {
  s 3728
  b 3560359 3419234
  e 3560420 3419295
  l 3560359 3419234 3560420 3419295 84
}
a {
  s 3595
  b 3560359 3419410
  e 3560420 3419471
  l 3560359 3419410 3560420 3419471 82
}
a {
  s 3728
  b 3560359 3419586
  e 3560420 3419647
  l 3560359 3419586 3560420 3419647 84
}
a {
  s 3595
  b 3560359 3419762
  e 3560420 3419823
  l 3560359 3419762 3560420 3419823 82
}
a {
  s 3728
  b 3560359 3419938
  e 3560420 3419999
  l 3560359 3419938 3560420 3419999 84
}
a {
  s 3728
  b 3560359 3420114
  e 3560420 3420175
  l 3560359 3420114 3560420 3420175 84
}
a {
  s 3595
  b 3560359 3420290
  e 3560420 3420351
  l 3560359 3420290 3560420 3420351 82
}
a {
  s 3728
  b 3560359 3420465
  e 3560420 3420526
  l 3560359 3420465 3560420 3420526 84
}
a {
  s 3340
  b 3560359 3420641
  e 3560417 3420699
  l 3560359 3420641 3560417 3420699 81
}
a {
  s 3340
  b 3560359 3420817
  e 3560417 3420875
  l 3560359 3420817 3560417 3420875 81
}
a {
  s 5139
  b 3560344 3420914
  e 3560420 3420990
  l 3560344 3420914 3560420 3420990 87
}
a {
  s 5045
  b 3560344 3421026
  e 3560430 3421112
  l 3560344 3421026 3560430 3421112 81
}
a {
  s 12107
  b 2515641 3445792
  e 2515955 3446106
  l 2515641 3445792 2515955 3446106 66
}
a {
  s 3454
  b 979139 3654183
  e 979219 3654263
  l 979139 3654183 979219 3654263 70
}
a {
  s 6238
  b 1128471 3665306
  e 1128562 3665397
  l 1128471 3665306 1128562 3665397 84
}
a {
  s 3756
  b 1032362 3665441
  e 1032417 3665496
  l 1032362 3665441 1032417 3665496 85
}
a {
  s 3863
  b 1032362 3665554
  e 1032430 3665622
  l 1032362 3665554 1032430 3665622 79
}
a {
  s 14036
  b 2735710 3707486
  e 2735960 3707736
  l 2735710 3707486 2735960 3707736 75
}
a {
  s 15929
  b 2737860 3709082
  e 2738176 3709398
  l 2737860 3709082 2738176 3709398 71
}
a {
  s 4586
  b 4557710 3753158
  e 4557791 3753239
  l 4557710 3753158 4557791 3753239 80
}
a {
  s 4909
  b 4945777 3753365
  e 4945882 3753470
  l 4945777 3753365 4945882 3753470 74
}
a {
  s 81876
  b 4558010 3753465
  e 4559088 3754543
  l 4558010 3753465 4559088 3754543 88
}
a {
  s 81876
  b 4945878 3753465
  e 4946956 3754543
  l 4945878 3753465 4946956 3754543 88
}
a {
  s 7705
  b 4559111 3754569
  e 4559221 3754679
  l 4559111 3754569 4559221 3754679 87
}
a {
  s 7705
  b 4946979 3754569
  e 4947089 3754679
  l 4946979 3754569 4947089 3754679 87
}
a {
  s 6841
  b 4559501 3754964
  e 4559592 3755055
  l 4559501 3754964 4559592 3755055 89
}
a {
  s 6841
  b 4947369 3754964
  e 4947460 3755055
  l 4947369 3754964 4947460 3755055 89
}
a {
  s 17810
  b 4947521 3755113
  e 4947752 3755344
  l 4947521 3755113 4947752 3755344 89
}
a {
  s 17810
  b 4559653 3755113
  e 4559884 3755344
  l 4559653 3755113 4559884 3755344 89
}
a {
  s 15425
  b 4559898 3755359
  e 4560165 3755626
  l 4559898 3755359 4560165 3755626 79
}
a {
  s 15425
  b 4947766 3755359
  e 4948033 3755626
  l 4947766 3755359 4948033 3755626 79
}
a {
  s 6413
  b 4560169 3755632
  e 4560269 3755732
  l 4560169 3755632 4560269 3755732 85
}
a {
  s 6413
  b 4948037 3755632
  e 4948137 3755732
  l 4948037 3755632 4948137 3755732 85
}
a {
  s 15141
  b 4560274 3755854
  e 4560449 3756029
  l 4560274 3755854 4560449 3756029 94
}
a {
  s 15141
  b 4948142 3755854
  e 4948317 3756029
  l 4948142 3755854 4948317 3756029 94
}
a {
  s 6991
  b 4560538 3756127
  e 4560663 3756252
  l 4560538 3756127 4560663 3756252 82
}
a {
  s 6991
  b 4948406 3756127
  e 4948531 3756252
  l 4948406 3756127 4948531 3756252 82
}
a {
  s 7832
  b 4948573 3756300
  e 4948692 3756419
  l 4948573 3756300 4948692 3756419 84
}
a {
  s 7832
  b 4560705 3756300
  e 4560824 3756419
  l 4560705 3756300 4560824 3756419 84
}
a {
  s 5312
  b 4561122 3756555
  e 4561201 3756634
  l 4561122 3756555 4561201 3756634 85
}
a {
  s 5998
  b 4948897 3756763
  e 4948972 3756838
  l 4948897 3756763 4948972 3756838 89
}
a {
  s 5998
  b 4561029 3756763
  e 4561104 3756838
  l 4561029 3756763 4561104 3756838 89
}
a {
  s 12182
  b 4949164 3756910
  e 4949341 3757087
  l 4949164 3756910 4949341 3757087 84
}
a {
  s 12182
  b 4561296 3756910
  e 4561473 3757087
  l 4561296 3756910 4561473 3757087 84
}
a {
  s 38238
  b 4949342 3757087
  e 4949850 3757595
  l 4949342 3757087 4949850 3757595 87
}
a {
  s 38238
  b 4561474 3757087
  e 4561982 3757595
  l 4561474 3757087 4561982 3757595 87
}
a {
  s 23685
  b 4562019 3757631
  e 4562363 3757975
  l 4562019 3757631 4562363 3757975 84
}
a {
  s 23685
  b 4949887 3757631
  e 4950231 3757975
  l 4949887 3757631 4950231 3757975 84
}
a {
  s 17625
  b 4562388 3758000
  e 4562629 3758241
  l 4562388 3758000 4562629 3758241 86
}
a {
  s 17625
  b 4950256 3758000
  e 4950497 3758241
  l 4950256 3758000 4950497 3758241 86
}
a {
  s 5911
  b 4562768 3758380
  e 4562844 3758456
  l 4562768 3758380 4562844 3758456 91
}
a {
  s 5911
  b 4950636 3758380
  e 4950712 3758456
  l 4950636 3758380 4950712 3758456 91
}
a {
  s 29791
  b 3634646 3759288
  e 3635472 3760114
  l 3634646 3759288 3635472 3760114 65
}
a {
  s 4599
  b 3865929 3856021
  e 3866109 3856201
  l 3865929 3856021 3866109 3856201 61
}
a {
  s 4768
  b 2877315 3863159
  e 2877583 3863427
  l 2877315 3863159 2877583 3863427 59
}
a {
  s 3128
  b 1348084 3865701
  e 1348161 3865778
  l 1348084 3865701 1348161 3865778 71
}
a {
  s 19021
  b 1348585 4031081
  e 1349191 4031687
  l 1348585 4031081 1349191 4031687 62
}
a {
  s 66720
  b 1349540 4032042
  e 1350978 4033480
  l 1349540 4032042 1350978 4033480 71
}
a {
  s 19773
  b 1351505 4033976
  e 1352084 4034555
  l 1351505 4033976 1352084 4034555 65
}
a {
  s 18179
  b 4535550 4165888
  e 4536109 4166447
  l 4535550 4165888 4536109 4166447 63
}
a {
  s 6502
  b 4536479 4166827
  e 4536655 4167003
  l 4536479 4166827 4536655 4167003 67
}
a {
  s 3347
  b 83914 4202086
  e 83959 4202131
  l 83914 4202086 83959 4202131 91
}
a {
  s 10442
  b 3307465 4280622
  e 3307831 4280988
  l 3307465 4280622 3307831 4280988 61
}
a {
  s 33323
  b 4132157 4304605
  e 4133047 4305495
  l 4132157 4304605 4133047 4305495 65
}
a {
  s 18162
  b 4483353 4328961
  e 4483844 4329452
  l 4483353 4328961 4483844 4329452 64
}
a {
  s 3128
  b 1348084 4367634
  e 1348161 4367711
  l 1348084 4367634 1348161 4367711 71
}
a {
  s 4586
  b 4557710 4506620
  e 4557791 4506701
  l 4557710 4506620 4557791 4506701 80
}
a {
  s 4909
  b 4945777 4506833
  e 4945882 4506938
  l 4945777 4506833 4945882 4506938 74
}
a {
  s 81876
  b 4558010 4506933
  e 4559088 4508011
  l 4558010 4506933 4559088 4508011 88
}
a {
  s 81876
  b 4945878 4506933
  e 4946956 4508011
  l 4945878 4506933 4946956 4508011 88
}
a {
  s 7705
  b 4559111 4508037
  e 4559221 4508147
  l 4559111 4508037 4559221 4508147 87
}
a {
  s 7705
  b 4946979 4508037
  e 4947089 4508147
  l 4946979 4508037 4947089 4508147 87
}
a {
  s 6841
  b 4559501 4508432
  e 4559592 4508523
  l 4559501 4508432 4559592 4508523 89
}
a {
  s 6841
  b 4947369 4508432
  e 4947460 4508523
  l 4947369 4508432 4947460 4508523 89
}
a {
  s 17810
  b 4947521 4508581
  e 4947752 4508812
  l 4947521 4508581 4947752 4508812 89
}
a {
  s 17810
  b 4559653 4508581
  e 4559884 4508812
  l 4559653 4508581 4559884 4508812 89
}
a {
  s 15425
  b 4559898 4508827
  e 4560165 4509094
  l 4559898 4508827 4560165 4509094 79
}
a {
  s 15425
  b 4947766 4508827
  e 4948033 4509094
  l 4947766 4508827 4948033 4509094 79
}
a {
  s 6413
  b 4560169 4509100
  e 4560269 4509200
  l 4560169 4509100 4560269 4509200 85
}
a {
  s 6413
  b 4948037 4509100
  e 4948137 4509200
  l 4948037 4509100 4948137 4509200 85
}
a {
  s 15141
  b 4560274 4509322
  e 4560449 4509497
  l 4560274 4509322 4560449 4509497 94
}
a {
  s 15141
  b 4948142 4509322
  e 4948317 4509497
  l 4948142 4509322 4948317 4509497 94
}
a {
  s 6991
  b 4560538 4509595
  e 4560663 4509720
  l 4560538 4509595 4560663 4509720 82
}
a {
  s 6991
  b 4948406 4509595
  e 4948531 4509720
  l 4948406 4509595 4948531 4509720 82
}
a {
  s 7832
  b 4948573 4509768
  e 4948692 4509887
  l 4948573 4509768 4948692 4509887 84
}
a {
  s 7832
  b 4560705 4509768
  e 4560824 4509887
  l 4560705 4509768 4560824 4509887 84
}
a {
  s 12182
  b 4949164 4510213
  e 4949341 4510390
  l 4949164 4510213 4949341 4510390 84
}
a {
  s 12182
  b 4561296 4510213
  e 4561473 4510390
  l 4561296 4510213 4561473 4510390 84
}
a {
  s 38238
  b 4949342 4510390
  e 4949850 4510898
  l 4949342 4510390 4949850 4510898 87
}
a {
  s 38238
  b 4561474 4510390
  e 4561982 4510898
  l 4561474 4510390 4561982 4510898 87
}
a {
  s 23685
  b 4562019 4510934
  e 4562363 4511278
  l 4562019 4510934 4562363 4511278 84
}
a {
  s 23685
  b 4949887 4510934
  e 4950231 4511278
  l 4949887 4510934 4950231 4511278 84
}
a {
  s 17625
  b 4562388 4511303
  e 4562629 4511544
  l 4562388 4511303 4562629 4511544 86
}
a {
  s 17625
  b 4950256 4511303
  e 4950497 4511544
  l 4950256 4511303 4950497 4511544 86
}
a {
  s 5911
  b 4562768 4511683
  e 4562844 4511759
  l 4562768 4511683 4562844 4511759 91
}
a {
  s 5911
  b 4950636 4511683
  e 4950712 4511759
  l 4950636 4511683 4950712 4511759 91
}
a {
  s 7183
  b 4361422 4540331
  e 4361765 4540674
  l 4361422 4540331 4361765 4540674 59
}
a {
  s 3704
  b 4674292 4568067
  e 4674416 4568191
  l 4674292 4568067 4674416 4568191 63
}
a {
  s 3158
  b 561373 4625464
  e 561435 4625526
  l 561373 4625464 561435 4625526 76
}
a {
  s 32760
  b 2979099 4688255
  e 2979950 4689106
  l 2979099 4688255 2979950 4689106 66
}
a {
  s 9160
  b 2981064 4690290
  e 2981310 4690536
  l 2981064 4690290 2981310 4690536 65
}
a {
  s 5528
  b 2988101 4697057
  e 2988184 4697140
  l 2988101 4697057 2988184 4697140 84
}
a {
  s 3380
  b 3003379 4697243
  e 3003425 4697289
  l 3003379 4697243 3003425 4697289 87
}
a {
  s 7212
  b 2496856 4754421
  e 2496939 4754504
  l 2496856 4754421 2496939 4754504 95
}
a {
  s 7018
  b 2497160 4754426
  e 2497236 4754502
  l 2497160 4754426 2497236 4754502 97
}
a {
  s 7548
  b 2496855 4754546
  e 2496939 4754630
  l 2496855 4754546 2496939 4754630 96
}
a {
  s 7018
  b 2497160 4754552
  e 2497236 4754628
  l 2497160 4754552 2497236 4754628 97
}
a {
  s 7084
  b 2496855 4754673
  e 2496939 4754757
  l 2496855 4754673 2496939 4754757 93
}
a {
  s 6699
  b 2497160 4754679
  e 2497236 4754755
  l 2497160 4754679 2497236 4754755 95
}
a {
  s 4394
  b 1634898 4795622
  e 1634982 4795706
  l 1634898 4795622 1634982 4795706 77
}
a {
  s 4194
  b 1774596 4795614
  e 1774697 4795715
  l 1774596 4795614 1774697 4795715 72
}
a {
  s 3102
  b 2538171 4795625
  e 2538260 4795714
  l 2538171 4795625 2538260 4795714 64
}
a {
  s 3294
  b 2011761 4795875
  e 2011842 4795956
  l 2011761 4795875 2011842 4795956 70
}
a {
  s 11181
  b 1630663 4831108
  e 1631058 4831503
  l 1630663 4831108 1631058 4831503 60
}
a {
  s 4586
  b 4557710 4845349
  e 4557791 4845430
  l 4557710 4845349 4557791 4845430 80
}
a {
  s 4909
  b 4945777 4845556
  e 4945882 4845661
  l 4945777 4845556 4945882 4845661 74
}
a {
  s 81876
  b 4558010 4845656
  e 4559088 4846734
  l 4558010 4845656 4559088 4846734 88
}
a {
  s 81876
  b 4945878 4845656
  e 4946956 4846734
  l 4945878 4845656 4946956 4846734 88
}
a {
  s 7705
  b 4559111 4846760
  e 4559221 4846870
  l 4559111 4846760 4559221 4846870 87
}
a {
  s 7705
  b 4946979 4846760
  e 4947089 4846870
  l 4946979 4846760 4947089 4846870 87
}
a {
  s 6841
  b 4559501 4847155
  e 4559592 4847246
  l 4559501 4847155 4559592 4847246 89
}
a {
  s 6841
  b 4947369 4847155
  e 4947460 4847246
  l 4947369 4847155 4947460 4847246 89
}
a {
  s 17810
  b 4947521 4847304
  e 4947752 4847535
  l 4947521 4847304 4947752 4847535 89
}
a {
  s 17810
  b 4559653 4847304
  e 4559884 4847535
  l 4559653 4847304 4559884 4847535 89
}
a {
  s 15377
  b 4559898 4847550
  e 4560165 4847817
  l 4559898 4847550 4560165 4847817 78
}
a {
  s 15377
  b 4947766 4847550
  e 4948033 4847817
  l 4947766 4847550 4948033 4847817 78
}
a {
  s 6413
  b 4560169 4847823
  e 4560269 4847923
  l 4560169 4847823 4560269 4847923 85
}
a {
  s 6413
  b 4948037 4847823
  e 4948137 4847923
  l 4948037 4847823 4948137 4847923 85
}
a {
  s 15010
  b 4560274 4848045
  e 4560449 4848220
  l 4560274 4848045 4560449 4848220 93
}
a {
  s 15010
  b 4948142 4848045
  e 4948317 4848220
  l 4948142 4848045 4948317 4848220 93
}
a {
  s 6991
  b 4560538 4848318
  e 4560663 4848443
  l 4560538 4848318 4560663 4848443 82
}
a {
  s 6991
  b 4948406 4848318
  e 4948531 4848443
  l 4948406 4848318 4948531 4848443 82
}
a {
  s 7832
  b 4948573 4848491
  e 4948692 4848610
  l 4948573 4848491 4948692 4848610 84
}
a {
  s 7832
  b 4560705 4848491
  e 4560824 4848610
  l 4560705 4848491 4560824 4848610 84
}
a {
  s 12182
  b 4949164 4848936
  e 4949341 4849113
  l 4949164 4848936 4949341 4849113 84
}
a {
  s 12182
  b 4561296 4848936
  e 4561473 4849113
  l 4561296 4848936 4561473 4849113 84
}
a {
  s 38238
  b 4949342 4849113
  e 4949850 4849621
  l 4949342 4849113 4949850 4849621 87
}
a {
  s 38238
  b 4561474 4849113
  e 4561982 4849621
  l 4561474 4849113 4561982 4849621 87
}
a {
  s 23685
  b 4562019 4849657
  e 4562363 4850001
  l 4562019 4849657 4562363 4850001 84
}
a {
  s 23685
  b 4949887 4849657
  e 4950231 4850001
  l 4949887 4849657 4950231 4850001 84
}
a {
  s 17625
  b 4562388 4850026
  e 4562629 4850267
  l 4562388 4850026 4562629 4850267 86
}
a {
  s 17625
  b 4950256 4850026
  e 4950497 4850267
  l 4950256 4850026 4950497 4850267 86
}
a {
  s 5911
  b 4562768 4850406
  e 4562844 4850482
  l 4562768 4850406 4562844 4850482 91
}
a {
  s 5911
  b 4950636 4850406
  e 4950712 4850482
  l 4950636 4850406 4950712 4850482 91
}
a {
  s 3560
  b 2497161 4881319
  e 2497236 4881394
  l 2497161 4881319 2497236 4881394 76
}
a {
  s 5812
  b 4663775 4881681
  e 4663852 4881758
  l 4663775 4881681 4663852 4881758 90
}
a {
  s 4497
  b 4557710 4886425
  e 4557790 4886505
  l 4557710 4886425 4557790 4886505 80
}
a {
  s 4586
  b 4557710 4886824
  e 4557791 4886905
  l 4557710 4886824 4557791 4886905 80
}
a {
  s 4909
  b 4945777 4887031
  e 4945882 4887136
  l 4945777 4887031 4945882 4887136 74
}
a {
  s 81876
  b 4558010 4887131
  e 4559088 4888209
  l 4558010 4887131 4559088 4888209 88
}
a {
  s 81876
  b 4945878 4887131
  e 4946956 4888209
  l 4945878 4887131 4946956 4888209 88
}
a {
  s 7705
  b 4559111 4888235
  e 4559221 4888345
  l 4559111 4888235 4559221 4888345 87
}
a {
  s 7705
  b 4946979 4888235
  e 4947089 4888345
  l 4946979 4888235 4947089 4888345 87
}
a {
  s 6841
  b 4559501 4888630
  e 4559592 4888721
  l 4559501 4888630 4559592 4888721 89
}
a {
  s 6841
  b 4947369 4888630
  e 4947460 4888721
  l 4947369 4888630 4947460 4888721 89
}
a {
  s 17810
  b 4947521 4888779
  e 4947752 4889010
  l 4947521 4888779 4947752 4889010 89
}
a {
  s 17810
  b 4559653 4888779
  e 4559884 4889010
  l 4559653 4888779 4559884 4889010 89
}
a {
  s 15425
  b 4559898 4889025
  e 4560165 4889292
  l 4559898 4889025 4560165 4889292 79
}
a {
  s 15425
  b 4947766 4889025
  e 4948033 4889292
  l 4947766 4889025 4948033 4889292 79
}
a {
  s 6413
  b 4560169 4889298
  e 4560269 4889398
  l 4560169 4889298 4560269 4889398 85
}
a {
  s 6413
  b 4948037 4889298
  e 4948137 4889398
  l 4948037 4889298 4948137 4889398 85
}
a {
  s 15141
  b 4560274 4889520
  e 4560449 4889695
  l 4560274 4889520 4560449 4889695 94
}
a {
  s 15141
  b 4948142 4889520
  e 4948317 4889695
  l 4948142 4889520 4948317 4889695 94
}
a {
  s 6991
  b 4560538 4889793
  e 4560663 4889918
  l 4560538 4889793 4560663 4889918 82
}
a {
  s 6991
  b 4948406 4889793
  e 4948531 4889918
  l 4948406 4889793 4948531 4889918 82
}
a {
  s 7832
  b 4948573 4889966
  e 4948692 4890085
  l 4948573 4889966 4948692 4890085 84
}
a {
  s 7832
  b 4560705 4889966
  e 4560824 4890085
  l 4560705 4889966 4560824 4890085 84
}
a {
  s 5312
  b 4561122 4890221
  e 4561201 4890300
  l 4561122 4890221 4561201 4890300 85
}
a {
  s 5998
  b 4948897 4890429
  e 4948972 4890504
  l 4948897 4890429 4948972 4890504 89
}
a {
  s 5998
  b 4561029 4890429
  e 4561104 4890504
  l 4561029 4890429 4561104 4890504 89
}
a {
  s 12182
  b 4949164 4890576
  e 4949341 4890753
  l 4949164 4890576 4949341 4890753 84
}
a {
  s 12182
  b 4561296 4890576
  e 4561473 4890753
  l 4561296 4890576 4561473 4890753 84
}
a {
  s 38238
  b 4949342 4890753
  e 4949850 4891261
  l 4949342 4890753 4949850 4891261 87
}
a {
  s 38238
  b 4561474 4890753
  e 4561982 4891261
  l 4561474 4890753 4561982 4891261 87
}
a {
  s 23685
  b 4562019 4891297
  e 4562363 4891641
  l 4562019 4891297 4562363 4891641 84
}
a {
  s 23685
  b 4949887 4891297
  e 4950231 4891641
  l 4949887 4891297 4950231 4891641 84
}
a {
  s 17625
  b 4562388 4891666
  e 4562629 4891907
  l 4562388 4891666 4562629 4891907 86
}
a {
  s 17625
  b 4950256 4891666
  e 4950497 4891907
  l 4950256 4891666 4950497 4891907 86
}
a {
  s 5911
  b 4562768 4892046
  e 4562844 4892122
  l 4562768 4892046 4562844 4892122 91
}
a {
  s 5911
  b 4950636 4892046
  e 4950712 4892122
  l 4950636 4892046 4950712 4892122 91
}
a {
  s 4975
  b 5069458 5060319
  e 5069582 5060443
  l 5069458 5060319 5069582 5060443 69
}
a {
  s 5379
  b 5070271 5061156
  e 5070503 5061388
  l 5070271 5061156 5070503 5061388 61
}
a {
  s 11288
  b 5073765 5061934
  e 5074165 5062334
  l 5073765 5061934 5074165 5062334 61
}
#:lav
s {
  "AE008922.fasta" 1 5076188 0 1
  "FM162591.fasta-" 1 5064808 1 1
}
h {
   ">gi|21166373|gb|AE008922.1| Xanthomonas campestris pv. campestris str. ATCC 33913, complete genome"
   ">gi|253778933|emb|FM162591.1| Photorhabdus asymbiotica ATCC43949 complete genome (reverse complement)"
}
a {
  s 12732
  b 3533424 111861
  e 3533856 112293
  l 3533424 111861 3533856 112293 62
}
a {
  s 3560
  b 3539448 117489
  e 3539731 117772
  l 3539448 117489 3539731 117772 55
}
a {
  s 7133
  b 3543895 123876
  e 3544151 124132
  l 3543895 123876 3544151 124132 63
}
a {
  s 16962
  b 608837 129250
  e 609430 129843
  l 608837 129250 609430 129843 60
}
a {
  s 5975
  b 2536272 174509
  e 2536351 174588
  l 2536272 174509 2536351 174588 89
}
a {
  s 3584
  b 2716154 174509
  e 2716233 174588
  l 2716154 174509 2716233 174588 73
}
a {
  s 5968
  b 2537224 174509
  e 2537300 174585
  l 2537224 174509 2537300 174585 91
}
a {
  s 3991
  b 1348086 183052
  e 1348162 183128
  l 1348086 183052 1348162 183128 76
}
a {
  s 27120
  b 1053934 183599
  e 1054478 184143
  l 1053934 183599 1054478 184143 72
}
a {
  s 27133
  b 1036582 183586
  e 1037139 184143
  l 1036582 183586 1037139 184143 72
}
a {
  s 33464
  b 1054504 184163
  e 1055135 184794
  l 1054504 184163 1055135 184794 74
}
a {
  s 33145
  b 1037165 184163
  e 1037789 184787
  l 1037165 184163 1037789 184787 74
}
a {
  s 31088
  b 1057478 189251
  e 1058186 189959
  l 1057478 189251 1058186 189959 68
}
a {
  s 3699
  b 1058210 189977
  e 1058297 190064
  l 1058210 189977 1058297 190064 71
}
a {
  s 6766
  b 1066042 197454
  e 1066283 197695
  l 1066042 197454 1066283 197695 63
}
a {
  s 13049
  b 1066774 198131
  e 1067147 198504
  l 1066774 198131 1067147 198504 64
}
a {
  s 12457
  b 1068312 199657
  e 1068658 200003
  l 1068312 199657 1068658 200003 65
}
a {
  s 18493
  b 1069418 200619
  e 1069773 200974
  l 1069418 200619 1069773 200974 73
}
a {
  s 3086
  b 4457620 209645
  e 4457725 209750
  l 4457620 209645 4457725 209750 65
}
a {
  s 5384
  b 2537354 215957
  e 2537429 216032
  l 2537354 215957 2537429 216032 89
}
a {
  s 6047
  b 1135574 219546
  e 1135663 219635
  l 1135574 219546 1135663 219635 85
}
a {
  s 5853
  b 1135401 219546
  e 1135479 219624
  l 1135401 219546 1135479 219624 90
}
a {
  s 4269
  b 1037898 219639
  e 1037967 219708
  l 1037898 219639 1037967 219708 83
}
a {
  s 10121
  b 3951290 225102
  e 3951771 225583
  l 3951290 225102 3951771 225583 58
}
a {
  s 5544
  b 743727 258934
  e 744037 259244
  l 743727 258934 744037 259244 57
}
a {
  s 3635
  b 2081570 268856
  e 2081643 268929
  l 2081570 268856 2081643 268929 77
}
a {
  s 4774
  b 1128052 268853
  e 1128129 268930
  l 1128052 268853 1128129 268930 82
}
a {
  s 4180
  b 1128180 269025
  e 1128236 269081
  l 1128180 269025 1128236 269081 89
}
a {
  s 3803
  b 2632814 269200
  e 2632913 269299
  l 2632814 269200 2632913 269299 70
}
a {
  s 11816
  b 1991534 318303
  e 1991731 318500
  l 1991534 318303 1991731 318500 78
}
a {
  s 9094
  b 1338249 357681
  e 1338502 357934
  l 1338249 357681 1338502 357934 63
}
a {
  s 47587
  b 1987730 363107
  e 1988717 364094
  l 1987730 363107 1988717 364094 71
}
a {
  s 24961
  b 1335653 506622
  e 1336270 507239
  l 1335653 506622 1336270 507239 67
}
a {
  s 24845
  b 4029841 511010
  e 4030541 511710
  l 4029841 511010 4030541 511710 64
}
a {
  s 52598
  b 4031369 511927
  e 4032478 513036
  l 4031369 511927 4032478 513036 72
}
a {
  s 5384
  b 2537354 554680
  e 2537429 554755
  l 2537354 554680 2537429 554755 89
}
a {
  s 4922
  b 2305415 609995
  e 2305676 610256
  l 2305415 609995 2305676 610256 59
}
a {
  s 3404
  b 3560342 697096
  e 3560412 697166
  l 3560342 697096 3560412 697166 76
}
a {
  s 19129
  b 576878 808047
  e 577320 808489
  l 576878 808047 577320 808489 68
}
a {
  s 5565
  b 577313 808495
  e 577473 808655
  l 577313 808495 577473 808655 68
}
a {
  s 5188
  b 857968 826879
  e 858046 826957
  l 857968 826879 858046 826957 86
}
a {
  s 3518
  b 858069 826985
  e 858127 827043
  l 858069 826985 858127 827043 84
}
a {
  s 3282
  b 858127 827045
  e 858173 827091
  l 858127 827045 858173 827091 85
}
a {
  s 3867
  b 858226 827145
  e 858277 827196
  l 858226 827145 858277 827196 86
}
a {
  s 24068
  b 1084937 836408
  e 1085819 837290
  l 1084937 836408 1085819 837290 61
}
a {
  s 3006
  b 4483651 894461
  e 4483721 894531
  l 4483651 894461 4483721 894531 69
}
a {
  s 4002
  b 4292714 906890
  e 4292807 906983
  l 4292714 906890 4292807 906983 71
}
a {
  s 42590
  b 1132742 1044755
  e 1134002 1046015
  l 1132742 1044755 1134002 1046015 63
}
a {
  s 5003
  b 3177474 1061656
  e 3177563 1061745
  l 3177474 1061656 3177563 1061745 79
}
a {
  s 5630
  b 1153382 1074772
  e 1153649 1075039
  l 1153382 1074772 1153649 1075039 61
}
a {
  s 3404
  b 3560342 1199029
  e 3560412 1199099
  l 3560342 1199029 3560412 1199099 76
}
a {
  s 6236
  b 2004902 1282038
  e 2005000 1282136
  l 2004902 1282038 2005000 1282136 85
}
a {
  s 23481
  b 1395064 1288290
  e 1395855 1289081
  l 1395064 1288290 1395855 1289081 61
}
a {
  s 5975
  b 2536272 1308175
  e 2536351 1308254
  l 2536272 1308175 2536351 1308254 89
}
a {
  s 3584
  b 2716154 1308175
  e 2716233 1308254
  l 2716154 1308175 2716233 1308254 73
}
a {
  s 5968
  b 2537224 1308175
  e 2537300 1308251
  l 2537224 1308175 2537300 1308251 91
}
a {
  s 6434
  b 3107717 1346836
  e 3107910 1347029
  l 3107717 1346836 3107910 1347029 67
}
a {
  s 23551
  b 3108088 1347195
  e 3108703 1347810
  l 3108088 1347195 3108703 1347810 66
}
a {
  s 3546
  b 1732699 1348288
  e 1732799 1348388
  l 1732699 1348288 1732799 1348388 67
}
a {
  s 3347
  b 83914 1389295
  e 83959 1389340
  l 83914 1389295 83959 1389340 91
}
a {
  s 3665
  b 578538 1399032
  e 578591 1399085
  l 578538 1399032 578591 1399085 87
}
a {
  s 5503
  b 578653 1399099
  e 578730 1399176
  l 578653 1399099 578730 1399176 87
}
a {
  s 5407
  b 578653 1399508
  e 578729 1399584
  l 578653 1399508 578729 1399584 87
}
a {
  s 3338
  b 4394654 1634846
  e 4394929 1635121
  l 4394654 1634846 4394929 1635121 55
}
a {
  s 24872
  b 2629831 1634670
  e 2630416 1635255
  l 2629831 1634670 2630416 1635255 68
}
a {
  s 3549
  b 4479196 1744265
  e 4479281 1744350
  l 4479196 1744265 4479281 1744350 71
}
a {
  s 42349
  b 1821397 1874114
  e 1822444 1875161
  l 1821397 1874114 1822444 1875161 67
}
a {
  s 4295
  b 3202444 1972582
  e 3202553 1972691
  l 3202444 1972582 3202553 1972691 69
}
a {
  s 4517
  b 3204660 1976785
  e 3204817 1976942
  l 3204660 1976785 3204817 1976942 64
}
a {
  s 28674
  b 2253736 2066238
  e 2254427 2066929
  l 2253736 2066238 2254427 2066929 68
}
a {
  s 39954
  b 4215562 2084838
  e 4216505 2085781
  l 4215562 2084838 4216505 2085781 68
}
a {
  s 5622
  b 1128320 2086088
  e 1128401 2086169
  l 1128320 2086088 1128401 2086169 83
}
a {
  s 3999
  b 2497015 2121116
  e 2497100 2121201
  l 2497015 2121116 2497100 2121201 74
}
a {
  s 7127
  b 2496860 2121230
  e 2496937 2121307
  l 2496860 2121230 2496937 2121307 97
}
a {
  s 7070
  b 2497158 2121229
  e 2497236 2121307
  l 2497158 2121229 2497236 2121307 96
}
a {
  s 12000
  b 3319488 2147348
  e 3319783 2147643
  l 3319488 2147348 3319783 2147643 67
}
a {
  s 4820
  b 2585339 2727552
  e 2585618 2727831
  l 2585339 2727552 2585618 2727831 58
}
a {
  s 3825
  b 2972864 2895010
  e 2972990 2895136
  l 2972864 2895010 2972990 2895136 64
}
a {
  s 3185
  b 2973267 2895810
  e 2973441 2895984
  l 2973267 2895810 2973441 2895984 57
}
a {
  s 4530
  b 2511082 2947353
  e 2511339 2947610
  l 2511082 2947353 2511339 2947610 59
}
a {
  s 9440
  b 2921268 2964092
  e 2921458 2964282
  l 2921268 2964092 2921458 2964282 71
}
a {
  s 3902
  b 4106125 2980706
  e 4106263 2980844
  l 4106125 2980706 4106263 2980844 64
}
a {
  s 15792
  b 3373978 2992572
  e 3374374 2992968
  l 3373978 2992572 3374374 2992968 66
}
a {
  s 9781
  b 4506226 3070426
  e 4506451 3070651
  l 4506226 3070426 4506451 3070651 68
}
a {
  s 9665
  b 2454639 3142293
  e 2454876 3142530
  l 2454639 3142293 2454876 3142530 69
}
a {
  s 3496
  b 4339318 3174008
  e 4339450 3174140
  l 4339318 3174008 4339450 3174140 62
}
a {
  s 3886
  b 1033703 3176965
  e 1033818 3177080
  l 1033703 3176965 1033818 3177080 66
}
a {
  s 3088
  b 2632816 3180648
  e 2632899 3180731
  l 2632816 3180648 2632899 3180731 69
}
a {
  s 10090
  b 3622999 3223342
  e 3623304 3223647
  l 3622999 3223342 3623304 3223647 64
}
a {
  s 3650
  b 1626836 3276603
  e 1626950 3276717
  l 1626836 3276603 1626950 3276717 68
}
a {
  s 28285
  b 703519 3432778
  e 704583 3433842
  l 703519 3432778 704583 3433842 60
}
a {
  s 34201
  b 1844479 3447228
  e 1845233 3447982
  l 1844479 3447228 1845233 3447982 69
}
a {
  s 3936
  b 3560359 3463341
  e 3560420 3463402
  l 3560359 3463341 3560420 3463402 85
}
a {
  s 3936
  b 3560359 3463699
  e 3560420 3463760
  l 3560359 3463699 3560420 3463760 85
}
a {
  s 5159
  b 3560339 3463973
  e 3560420 3464054
  l 3560339 3463973 3560420 3464054 85
}
a {
  s 5159
  b 3560339 3464087
  e 3560420 3464168
  l 3560339 3464087 3560420 3464168 85
}
a {
  s 6318
  b 2536272 3466460
  e 2536348 3466536
  l 2536272 3466460 2536348 3466536 92
}
a {
  s 3464
  b 2716154 3466460
  e 2716234 3466540
  l 2716154 3466460 2716234 3466540 73
}
a {
  s 6432
  b 2537224 3466460
  e 2537301 3466537
  l 2537224 3466460 2537301 3466537 92
}
a {
  s 6595
  b 2536269 3466596
  e 2536348 3466675
  l 2536269 3466596 2536348 3466675 92
}
a {
  s 3449
  b 2716152 3466597
  e 2716232 3466677
  l 2716152 3466597 2716232 3466677 73
}
a {
  s 6823
  b 2537220 3466595
  e 2537301 3466676
  l 2537220 3466595 2537301 3466676 93
}
a {
  s 3222
  b 3670444 3658063
  e 3670550 3658169
  l 3670444 3658063 3670550 3658169 65
}
a {
  s 9115
  b 3954905 3818516
  e 3955186 3818797
  l 3954905 3818516 3955186 3818797 64
}
a {
  s 5100
  b 1435537 3860282
  e 1435782 3860527
  l 1435537 3860282 1435782 3860527 57
}
a {
  s 10648
  b 1436651 3861579
  e 1436872 3861800
  l 1436651 3861579 1436872 3861800 71
}
a {
  s 3206
  b 2011765 3914616
  e 2011844 3914695
  l 2011765 3914616 2011844 3914695 71
}
a {
  s 13790
  b 3823792 4091980
  e 3824244 4092432
  l 3823792 4091980 3824244 4092432 62
}
a {
  s 29560
  b 3824437 4092622
  e 3825419 4093604
  l 3824437 4092622 3825419 4093604 61
}
a {
  s 5180
  b 3491414 4130169
  e 3491557 4130312
  l 3491414 4130169 3491557 4130312 68
}
a {
  s 15886
  b 574768 4167688
  e 575144 4168064
  l 574768 4167688 575144 4168064 69
}
a {
  s 19725
  b 3765283 4286586
  e 3765729 4287032
  l 3765283 4286586 3765729 4287032 70
}
a {
  s 21841
  b 3765878 4287133
  e 3766526 4287781
  l 3765878 4287133 3766526 4287781 63
}
a {
  s 4586
  b 4557710 4299691
  e 4557791 4299772
  l 4557710 4299691 4557791 4299772 80
}
a {
  s 4909
  b 4945777 4299884
  e 4945882 4299989
  l 4945777 4299884 4945882 4299989 74
}
a {
  s 81876
  b 4558010 4299984
  e 4559088 4301062
  l 4558010 4299984 4559088 4301062 88
}
a {
  s 81876
  b 4945878 4299984
  e 4946956 4301062
  l 4945878 4299984 4946956 4301062 88
}
a {
  s 7705
  b 4559111 4301088
  e 4559221 4301198
  l 4559111 4301088 4559221 4301198 87
}
a {
  s 7705
  b 4946979 4301088
  e 4947089 4301198
  l 4946979 4301088 4947089 4301198 87
}
a {
  s 6841
  b 4559501 4301483
  e 4559592 4301574
  l 4559501 4301483 4559592 4301574 89
}
a {
  s 6841
  b 4947369 4301483
  e 4947460 4301574
  l 4947369 4301483 4947460 4301574 89
}
a {
  s 17810
  b 4947521 4301632
  e 4947752 4301863
  l 4947521 4301632 4947752 4301863 89
}
a {
  s 17810
  b 4559653 4301632
  e 4559884 4301863
  l 4559653 4301632 4559884 4301863 89
}
a {
  s 15425
  b 4559898 4301878
  e 4560165 4302145
  l 4559898 4301878 4560165 4302145 79
}
a {
  s 15425
  b 4947766 4301878
  e 4948033 4302145
  l 4947766 4301878 4948033 4302145 79
}
a {
  s 6413
  b 4560169 4302151
  e 4560269 4302251
  l 4560169 4302151 4560269 4302251 85
}
a {
  s 6413
  b 4948037 4302151
  e 4948137 4302251
  l 4948037 4302151 4948137 4302251 85
}
a {
  s 15141
  b 4560274 4302373
  e 4560449 4302548
  l 4560274 4302373 4560449 4302548 94
}
a {
  s 15141
  b 4948142 4302373
  e 4948317 4302548
  l 4948142 4302373 4948317 4302548 94
}
a {
  s 6991
  b 4560538 4302646
  e 4560663 4302771
  l 4560538 4302646 4560663 4302771 82
}
a {
  s 6991
  b 4948406 4302646
  e 4948531 4302771
  l 4948406 4302646 4948531 4302771 82
}
a {
  s 7832
  b 4948573 4302819
  e 4948692 4302938
  l 4948573 4302819 4948692 4302938 84
}
a {
  s 7832
  b 4560705 4302819
  e 4560824 4302938
  l 4560705 4302819 4560824 4302938 84
}
a {
  s 5312
  b 4561122 4303074
  e 4561201 4303153
  l 4561122 4303074 4561201 4303153 85
}
a {
  s 5998
  b 4948897 4303282
  e 4948972 4303357
  l 4948897 4303282 4948972 4303357 89
}
a {
  s 5998
  b 4561029 4303282
  e 4561104 4303357
  l 4561029 4303282 4561104 4303357 89
}
a {
  s 12182
  b 4949164 4303429
  e 4949341 4303606
  l 4949164 4303429 4949341 4303606 84
}
a {
  s 12182
  b 4561296 4303429
  e 4561473 4303606
  l 4561296 4303429 4561473 4303606 84
}
a {
  s 38238
  b 4949342 4303606
  e 4949850 4304114
  l 4949342 4303606 4949850 4304114 87
}
a {
  s 38238
  b 4561474 4303606
  e 4561982 4304114
  l 4561474 4303606 4561982 4304114 87
}
a {
  s 23685
  b 4562019 4304150
  e 4562363 4304494
  l 4562019 4304150 4562363 4304494 84
}
a {
  s 23685
  b 4949887 4304150
  e 4950231 4304494
  l 4949887 4304150 4950231 4304494 84
}
a {
  s 17625
  b 4562388 4304519
  e 4562629 4304760
  l 4562388 4304519 4562629 4304760 86
}
a {
  s 17625
  b 4950256 4304519
  e 4950497 4304760
  l 4950256 4304519 4950497 4304760 86
}
a {
  s 5911
  b 4562768 4304899
  e 4562844 4304975
  l 4562768 4304899 4562844 4304975 91
}
a {
  s 5911
  b 4950636 4304899
  e 4950712 4304975
  l 4950636 4304899 4950712 4304975 91
}
a {
  s 6863
  b 1581221 4317311
  e 1581394 4317484
  l 1581221 4317311 1581394 4317484 68
}
a {
  s 16627
  b 1581611 4317668
  e 1582080 4318137
  l 1581611 4317668 1582080 4318137 65
}
a {
  s 6371
  b 1595487 4331920
  e 1595788 4332221
  l 1595487 4331920 1595788 4332221 58
}
a {
  s 18479
  b 717785 4484222
  e 718424 4484861
  l 717785 4484222 718424 4484861 61
}
a {
  s 12976
  b 4613876 4579509
  e 4614277 4579910
  l 4613876 4579509 4614277 4579910 64
}
a {
  s 4586
  b 4557710 4616618
  e 4557791 4616699
  l 4557710 4616618 4557791 4616699 80
}
a {
  s 4909
  b 4945777 4616825
  e 4945882 4616930
  l 4945777 4616825 4945882 4616930 74
}
a {
  s 81876
  b 4558010 4616925
  e 4559088 4618003
  l 4558010 4616925 4559088 4618003 88
}
a {
  s 81876
  b 4945878 4616925
  e 4946956 4618003
  l 4945878 4616925 4946956 4618003 88
}
a {
  s 7705
  b 4559111 4618029
  e 4559221 4618139
  l 4559111 4618029 4559221 4618139 87
}
a {
  s 7705
  b 4946979 4618029
  e 4947089 4618139
  l 4946979 4618029 4947089 4618139 87
}
a {
  s 6841
  b 4559501 4618424
  e 4559592 4618515
  l 4559501 4618424 4559592 4618515 89
}
a {
  s 6841
  b 4947369 4618424
  e 4947460 4618515
  l 4947369 4618424 4947460 4618515 89
}
a {
  s 17810
  b 4947521 4618573
  e 4947752 4618804
  l 4947521 4618573 4947752 4618804 89
}
a {
  s 17810
  b 4559653 4618573
  e 4559884 4618804
  l 4559653 4618573 4559884 4618804 89
}
a {
  s 15425
  b 4559898 4618819
  e 4560165 4619086
  l 4559898 4618819 4560165 4619086 79
}
a {
  s 15425
  b 4947766 4618819
  e 4948033 4619086
  l 4947766 4618819 4948033 4619086 79
}
a {
  s 6413
  b 4560169 4619092
  e 4560269 4619192
  l 4560169 4619092 4560269 4619192 85
}
a {
  s 6413
  b 4948037 4619092
  e 4948137 4619192
  l 4948037 4619092 4948137 4619192 85
}
a {
  s 15141
  b 4560274 4619314
  e 4560449 4619489
  l 4560274 4619314 4560449 4619489 94
}
a {
  s 15141
  b 4948142 4619314
  e 4948317 4619489
  l 4948142 4619314 4948317 4619489 94
}
a {
  s 7148
  b 4560538 4619587
  e 4560663 4619712
  l 4560538 4619587 4560663 4619712 82
}
a {
  s 7148
  b 4948406 4619587
  e 4948531 4619712
  l 4948406 4619587 4948531 4619712 82
}
a {
  s 7832
  b 4948573 4619760
  e 4948692 4619879
  l 4948573 4619760 4948692 4619879 84
}
a {
  s 7832
  b 4560705 4619760
  e 4560824 4619879
  l 4560705 4619760 4560824 4619879 84
}
a {
  s 12182
  b 4949164 4620205
  e 4949341 4620382
  l 4949164 4620205 4949341 4620382 84
}
a {
  s 12182
  b 4561296 4620205
  e 4561473 4620382
  l 4561296 4620205 4561473 4620382 84
}
a {
  s 38238
  b 4949342 4620382
  e 4949850 4620890
  l 4949342 4620382 4949850 4620890 87
}
a {
  s 38238
  b 4561474 4620382
  e 4561982 4620890
  l 4561474 4620382 4561982 4620890 87
}
a {
  s 23685
  b 4562019 4620926
  e 4562363 4621270
  l 4562019 4620926 4562363 4621270 84
}
a {
  s 23685
  b 4949887 4620926
  e 4950231 4621270
  l 4949887 4620926 4950231 4621270 84
}
a {
  s 17625
  b 4562388 4621295
  e 4562629 4621536
  l 4562388 4621295 4562629 4621536 86
}
a {
  s 17625
  b 4950256 4621295
  e 4950497 4621536
  l 4950256 4621295 4950497 4621536 86
}
a {
  s 5911
  b 4562768 4621675
  e 4562844 4621751
  l 4562768 4621675 4562844 4621751 91
}
a {
  s 5911
  b 4950636 4621675
  e 4950712 4621751
  l 4950636 4621675 4950712 4621751 91
}
a {
  s 3023
  b 2917969 4814354
  e 2918058 4814443
  l 2917969 4814354 2918058 4814443 69
}
a {
  s 25808
  b 4859458 4817046
  e 4860003 4817591
  l 4859458 4817046 4860003 4817591 71
}
a {
  s 22403
  b 241999 4871705
  e 242624 4872330
  l 241999 4871705 242624 4872330 65
}
a {
  s 14770
  b 246858 4874358
  e 247345 4874845
  l 246858 4874358 247345 4874845 61
}
a {
  s 9043
  b 1786882 4888454
  e 1787089 4888661
  l 1786882 4888454 1787089 4888661 68
}
a {
  s 12474
  b 2690997 4961832
  e 2691376 4962211
  l 2690997 4961832 2691376 4962211 63
}
a {
  s 22778
  b 555045 4993556
  e 555677 4994188
  l 555045 4993556 555677 4994188 65
}
a {
  s 4071
  b 470148 4998092
  e 470240 4998184
  l 470148 4998092 470240 4998184 73
}
a {
  s 6028
  b 2679917 4998073
  e 2680041 4998197
  l 2679917 4998073 2680041 4998197 74
}
a {
  s 34622
  b 4817631 4999816
  e 4818586 5000771
  l 4817631 4999816 4818586 5000771 65
}
a {
  s 5657
  b 4818627 5000812
  e 4818790 5000975
  l 4818627 5000812 4818790 5000975 66
}
a {
  s 4586
  b 4557710 5004915
  e 4557791 5004996
  l 4557710 5004915 4557791 5004996 80
}
a {
  s 4909
  b 4945777 5005122
  e 4945882 5005227
  l 4945777 5005122 4945882 5005227 74
}
a {
  s 81876
  b 4558010 5005222
  e 4559088 5006300
  l 4558010 5005222 4559088 5006300 88
}
a {
  s 81876
  b 4945878 5005222
  e 4946956 5006300
  l 4945878 5005222 4946956 5006300 88
}
a {
  s 7705
  b 4559111 5006326
  e 4559221 5006436
  l 4559111 5006326 4559221 5006436 87
}
a {
  s 7705
  b 4946979 5006326
  e 4947089 5006436
  l 4946979 5006326 4947089 5006436 87
}
a {
  s 6841
  b 4559501 5006721
  e 4559592 5006812
  l 4559501 5006721 4559592 5006812 89
}
a {
  s 6841
  b 4947369 5006721
  e 4947460 5006812
  l 4947369 5006721 4947460 5006812 89
}
a {
  s 17688
  b 4947521 5006870
  e 4947752 5007101
  l 4947521 5006870 4947752 5007101 89
}
a {
  s 17688
  b 4559653 5006870
  e 4559884 5007101
  l 4559653 5006870 4559884 5007101 89
}
a {
  s 15425
  b 4559898 5007116
  e 4560165 5007383
  l 4559898 5007116 4560165 5007383 79
}
a {
  s 15425
  b 4947766 5007116
  e 4948033 5007383
  l 4947766 5007116 4948033 5007383 79
}
a {
  s 6413
  b 4560169 5007389
  e 4560269 5007489
  l 4560169 5007389 4560269 5007489 85
}
a {
  s 6413
  b 4948037 5007389
  e 4948137 5007489
  l 4948037 5007389 4948137 5007489 85
}
a {
  s 15010
  b 4560274 5007611
  e 4560449 5007786
  l 4560274 5007611 4560449 5007786 93
}
a {
  s 15010
  b 4948142 5007611
  e 4948317 5007786
  l 4948142 5007611 4948317 5007786 93
}
a {
  s 7148
  b 4560538 5007884
  e 4560663 5008009
  l 4560538 5007884 4560663 5008009 82
}
a {
  s 7148
  b 4948406 5007884
  e 4948531 5008009
  l 4948406 5007884 4948531 5008009 82
}
a {
  s 7832
  b 4948573 5008057
  e 4948692 5008176
  l 4948573 5008057 4948692 5008176 84
}
a {
  s 7832
  b 4560705 5008057
  e 4560824 5008176
  l 4560705 5008057 4560824 5008176 84
}
a {
  s 12182
  b 4949164 5008502
  e 4949341 5008679
  l 4949164 5008502 4949341 5008679 84
}
a {
  s 12182
  b 4561296 5008502
  e 4561473 5008679
  l 4561296 5008502 4561473 5008679 84
}
a {
  s 38238
  b 4949342 5008679
  e 4949850 5009187
  l 4949342 5008679 4949850 5009187 87
}
a {
  s 38238
  b 4561474 5008679
  e 4561982 5009187
  l 4561474 5008679 4561982 5009187 87
}
a {
  s 23685
  b 4562019 5009223
  e 4562363 5009567
  l 4562019 5009223 4562363 5009567 84
}
a {
  s 23685
  b 4949887 5009223
  e 4950231 5009567
  l 4949887 5009223 4950231 5009567 84
}
a {
  s 17625
  b 4562388 5009592
  e 4562629 5009833
  l 4562388 5009592 4562629 5009833 86
}
a {
  s 17625
  b 4950256 5009592
  e 4950497 5009833
  l 4950256 5009592 4950497 5009833 86
}
a {
  s 5911
  b 4562768 5009972
  e 4562844 5010048
  l 4562768 5009972 4562844 5010048 91
}
a {
  s 5911
  b 4950636 5009972
  e 4950712 5010048
  l 4950636 5009972 4950712 5010048 91
}
a {
  s 20425
  b 669947 5032329
  e 670275 5032657
  l 669947 5032329 670275 5032657 78
}
a {
  s 34375
  b 670289 5032653
  e 670968 5033332
  l 670289 5032653 670968 5033332 71
}
m {
  n 0
}
#:eof
